[3;J[H[2J[3;J[H[2J[3;J[H[2J[3;J[H[2J[3;J[H[2J[3;J[H[2J[3;J[H[2J------------- DESAFIO -------------
Bienvenidos al TP4 y felicitaciones, ya resolvieron el primer acertijo.

En este TP deberán finalizar el juego que ya comenzaron resolviendo los desafíos de cada nivel.
Además tendrán que investigar otras preguntas para responder durante la defensa.
El desafío final consiste en crear un servidor que se comporte igual que yo, además del cliente para comunicarse con el mismo.

Deberán estar atentos a los desafios ocultos.

Para verificar que sus respuestas tienen el formato correcto respondan a este desafío con "entendido\n"

----- PREGUNTA PARA INVESTIGAR -----
¿Cómo descubrieron el protocolo, la dirección y el puerto para conectarse?
Respuesta correcta
------------- DESAFIO -------------
# \033[D \033[A \033[A \033[D \033[B \033[C \033[B \033[D *

----- PREGUNTA PARA INVESTIGAR -----
¿Qué diferencias hay entre TCP y UDP y en qué casos conviene usar cada uno?
Respuesta correcta
------------- DESAFIO -------------
https://vocaroo.com/i/s19015zmR4t8

----- PREGUNTA PARA INVESTIGAR -----
¿El puerto que usaron para conectarse al server es el mismo que usan para mandar las respuestas? ¿Por qué?
Respuesta correcta
------------- DESAFIO -------------
EBADF... abrilo y verás

----- PREGUNTA PARA INVESTIGAR -----
¿Qué útil abstracción es utilizada para comunicarse con sockets? ¿se puede utilizar read(2) y write(2) para operar?
Respuesta correcta
------------- DESAFIO -------------
respuesta = strings[224]

----- PREGUNTA PARA INVESTIGAR -----
¿Cómo garantiza TCP que los paquetes llegan en orden y no se pierden?
Respuesta correcta
------------- DESAFIO -------------
.data .bss .comment ? .shstrtab .symtab .strtab

----- PREGUNTA PARA INVESTIGAR -----
Un servidor suele crear un nuevo proceso o thread para atender las conexiones entrantes. ¿Qué conviene más?
Respuesta correcta
------------- DESAFIO -------------
mixed fds
la respuesta a este acertijo es indeterminado

----- PREGUNTA PARA INVESTIGAR -----
¿Cómo se puede implementar un servidor que atienda muchas conexiones sin usar procesos ni threads?
Respuesta correcta
[3;J[H[2J------------- DESAFIO -------------
Tango Hotel India Sierra India Sierra Alfa Whiskey Echo Sierra Oscar Mike Echo

----- PREGUNTA PARA INVESTIGAR -----
¿Qué aplicaciones se pueden utilizar para ver el tráfico por la red?
Respuesta correcta
[3;J[H[2J------------- DESAFIO -------------
quine
¡Genial!, ya lograron meter un programa en quine.c, veamos si hace lo que corresponde:
¡Genial! la respuesta a este acertijo es cachiporra

----- PREGUNTA PARA INVESTIGAR -----
sockets es un mecanismo de IPC. ¿Qué es más eficiente entre sockets y pipes?
